INFO:  latexindent version 3.17.2, 2022-04-14, a script to indent .tex files
       latexindent lives here: /usr/share/texmf-dist/scripts/latexindent/
       Thu Aug 11 17:54:52 2022
       Filename: frontmatter/ozet.tex
INFO:  Processing switches:
       -o|--outputfile: output to file
INFO:  Directory for backup files and indent.log:
       frontmatter
INFO:  YAML settings read: defaultSettings.yaml
       Reading defaultSettings.yaml from /usr/share/texmf-dist/scripts/latexindent/defaultSettings.yaml
INFO:  YAML settings read: indentconfig.yaml or .indentconfig.yaml
       Home directory is /home/bo (didn't find either indentconfig.yaml or .indentconfig.yaml)
       To specify user settings you would put indentconfig.yaml here: /home/bo/indentconfig.yaml
       Alternatively, you can use the hidden file .indentconfig.yaml as: /home/bo/.indentconfig.yaml
INFO:  -l switch used without filename, will search for the following files in turn:
       localSettings.yaml,latexindent.yaml,.localSettings.yaml,.latexindent.yaml
INFO:  YAML settings read: -l switch
       Multiple localSettings found, separated by commas:
       localSettings.yaml, latexindent.yaml, .localSettings.yaml, .latexindent.yaml
WARN:  yaml file not found: localSettings.yaml not found. Proceeding without it.
WARN:  yaml file not found: latexindent.yaml not found. Proceeding without it.
WARN:  yaml file not found: .localSettings.yaml not found. Proceeding without it.
WARN:  yaml file not found: .latexindent.yaml not found. Proceeding without it.
INFO:  -o switch active: output file check
INFO:  Phase 1: searching for objects
INFO:  Phase 2: finding surrounding indentation
INFO:  Phase 3: indenting objects
INFO:  Phase 4: final indentation check
INFO:  Output routine:
       Outputting to file frontmatter/ozet.tex
       --------------
INFO:  Please direct all communication/issues to:
        https://github.com/cmhughes/latexindent.pl
